C51 COMPILER V9.01   SHIYAN                                                                05/09/2017 19:32:44 PAGE 1   


C51 COMPILER V9.01, COMPILATION OF MODULE SHIYAN
OBJECT MODULE PLACED IN shiyan.OBJ
COMPILER INVOKED BY: E:\KEIL\C51\BIN\C51.EXE shiyan.c BROWSE DEBUG OBJECTEXTEND

line level    source

*** WARNING C500 IN LINE 1 OF SHIYAN.C: LICENSE ERROR (R208: RENEW LICENSE ID CODE (LIC))

   1          #include<reg51.h>
   2          #include<stdio.h>
   3          //#define uchar unsigned char
   4          //#define uint unsigned int
   5          unsigned int t;
   6           //**传感器***/
   7          sbit IN1 = P1^0;
   8          sbit IN2 = P1^1;
   9          sbit IN3 = P1^2;
  10          sbit IN4 = P1^3;
  11          sbit IN5 = P1^4;
  12          sbit IN6 = P1^5;
  13          sbit IN7 = P1^6;
  14          sbit IN8 = P1^7;
  15          sbit F1 = P0^0;
  16          sbit F2 = P0^1;
  17          sbit F3 = P0^2;
  18          sbit X1 = P2^3;
  19          sbit X2 = P2^4;
  20          sbit X3 = P2^5;
  21          sbit X4 = P2^6;
  22          sbit Q1 = P2^0;
  23          sbit Q2 = P0^7;
  24          sbit BEEP = P2^2;
  25          sbit XJ = P3^1;
  26          
  27          //******************直行******************//
  28           void qianjin()
  29           {
  30   1                IN1=1;
  31   1            IN2=0;
  32   1            IN3=1;
  33   1            IN4=0;
  34   1                IN5=1;
  35   1            IN6=0;
  36   1            IN7=1;
  37   1            IN8=0;
  38   1      
  39   1      }
  40           //***************左转函数1***************//
  41           void turn_left()
  42           {
  43   1                IN1=1;
  44   1            IN2=0;
  45   1            IN3=1;
  46   1            IN4=0;
  47   1                IN5=0;
  48   1            IN6=0;
  49   1            IN7=0;
  50   1            IN8=1;  
  51   1      
  52   1       }
  53          
  54          //  //***************右转函数***************//
C51 COMPILER V9.01   SHIYAN                                                                05/09/2017 19:32:44 PAGE 2   

  55           void turn_right()
  56           {
  57   1                IN1=0;
  58   1            IN2=1;
  59   1            IN3=0;
  60   1            IN4=1;
  61   1                IN5=0;
  62   1            IN6=0;
  63   1            IN7=1;
  64   1            IN8=0;
  65   1      
  66   1       }
  67          ////***************t停车***************//
  68           void turn_stop()
  69           {
  70   1                IN1=0;
  71   1            IN2=0;
  72   1            IN3=0;
  73   1            IN4=0;
  74   1                IN5=0;
  75   1            IN6=0;
  76   1            IN7=0;
  77   1            IN8=0;  
  78   1      
  79   1       }
  80           ////***************后退***************//
  81           void turn_down()
  82           {
  83   1                IN1=0;
  84   1            IN2=1;
  85   1            IN3=0;
  86   1            IN4=1;
  87   1                IN5=0;
  88   1            IN6=1;
  89   1            IN7=0;
  90   1            IN8=1;  
  91   1      
  92   1       }
  93           //****************主程序****************//
  94           void main()
  95          {
  96   1      
  97   1      P1 =0x00;
  98   1      P0 =0x00;
  99   1      BEEP=0;
 100   1      P2=0x78;
 101   1      
 102   1      
 103   1              while(1)
 104   1      {               if(Q2==0)
 105   2                              {BEEP=1;}
 106   2                      else BEEP =0;
 107   2                      if(XJ == 0) 
 108   2          {
 109   3                      if((F1 == 0)&&(F2 == 0)&&(F3 == 0))
 110   3                      {
 111   4                      turn_stop();
 112   4      
 113   4                      }
 114   3              if((F1 == 1)&&(F2 == 0)&&(F3 == 0))
 115   3                      {
 116   4                      qianjin();      
C51 COMPILER V9.01   SHIYAN                                                                05/09/2017 19:32:44 PAGE 3   

 117   4      
 118   4                      }
 119   3                      if((F1 == 0)&&(F2 == 1)&&(F3 == 0))
 120   3                      {
 121   4                      turn_left();
 122   4      
 123   4                      }
 124   3                      if((F1 == 1)&&(F2 == 1)&&(F3 == 0))
 125   3                      {
 126   4                      turn_right();
 127   4      
 128   4                      }
 129   3                      if((F1 == 0)&&(F2 == 0)&&(F3 == 1))
 130   3                      {
 131   4                      turn_down();
 132   4      
 133   4                      }
 134   3              }
 135   2                      if(XJ == 1)
 136   2              {       
 137   3      //                      qianjin();
 138   3                      if((X2 == 1)&&(X3 == 1)||(X1 == 1)&&(X4 == 1))
 139   3                      {
 140   4                      qianjin();
 141   4      
 142   4                      }
 143   3              if((X2 == 1)&&(X3 == 0))
 144   3                      {
 145   4                      turn_left();    
 146   4      
 147   4                      }
 148   3                      if((X2 == 0)&&(X3 == 1))
 149   3                      {
 150   4                      turn_right();   
 151   4      
 152   4                      }
 153   3      
 154   3              }
 155   2      
 156   2              
 157   2      
 158   2              
 159   2       }
 160   1      
 161   1      }


MODULE INFORMATION:   STATIC OVERLAYABLE
   CODE SIZE        =    205    ----
   CONSTANT SIZE    =   ----    ----
   XDATA SIZE       =   ----    ----
   PDATA SIZE       =   ----    ----
   DATA SIZE        =      2    ----
   IDATA SIZE       =   ----    ----
   BIT SIZE         =   ----    ----
END OF MODULE INFORMATION.


C51 COMPILATION COMPLETE.  1 WARNING(S),  0 ERROR(S)
